#
# There is insufficient memory for the Java Runtime Environment to continue.
# Native memory allocation (malloc) failed to allocate 710416 bytes for Chunk::new
# Possible reasons:
#   The system is out of physical RAM or swap space
#   In 32 bit mode, the process size limit was hit
# Possible solutions:
#   Reduce memory load on the system
#   Increase physical memory or swap space
#   Check if swap backing store is full
#   Use 64 bit Java on a 64 bit OS
#   Decrease Java heap size (-Xmx/-Xms)
#   Decrease number of Java threads
#   Decrease Java thread stack sizes (-Xss)
#   Set larger code cache with -XX:ReservedCodeCacheSize=
# This output file may be truncated or incomplete.
#
#  Out of Memory Error (allocation.cpp:390), pid=4552, tid=0x0000000000002048
#
# JRE version: Java(TM) SE Runtime Environment (8.0_92-b14) (build 1.8.0_92-b14)
# Java VM: Java HotSpot(TM) 64-Bit Server VM (25.92-b14 mixed mode windows-amd64 compressed oops)
# Failed to write core dump. Minidumps are not enabled by default on client versions of Windows
#

---------------  T H R E A D  ---------------

Current thread (0x00000000154a2000):  JavaThread "C2 CompilerThread1" daemon [_thread_in_native, id=8264, stack(0x0000000016be0000,0x0000000016ce0000)]

Stack: [0x0000000016be0000,0x0000000016ce0000]
[error occurred during error reporting (printing stack bounds), id 0xc0000005]

Native frames: (J=compiled Java code, j=interpreted, Vv=VM code, C=native code)


Current CompileTask:
C2:   1973 1258   !   4       com.android.dx.cf.code.BytecodeArray::parseInstruction (2764 bytes)


---------------  P R O C E S S  ---------------

Java Threads: ( => current thread )
  0x0000000016de5800 JavaThread "Service Thread" daemon [_thread_blocked, id=7716, stack(0x00000000171e0000,0x00000000172e0000)]
  0x00000000154fe800 JavaThread "C1 CompilerThread2" daemon [_thread_in_native, id=3792, stack(0x0000000016ce0000,0x0000000016de0000)]
=>0x00000000154a2000 JavaThread "C2 CompilerThread1" daemon [_thread_in_native, id=8264, stack(0x0000000016be0000,0x0000000016ce0000)]
  0x000000001549d000 JavaThread "C2 CompilerThread0" daemon [_thread_blocked, id=7452, stack(0x0000000016ae0000,0x0000000016be0000)]
  0x000000001549b000 JavaThread "Attach Listener" daemon [_thread_blocked, id=8268, stack(0x00000000169e0000,0x0000000016ae0000)]
  0x0000000015499800 JavaThread "Signal Dispatcher" daemon [_thread_blocked, id=8844, stack(0x00000000168e0000,0x00000000169e0000)]
  0x000000001548a000 JavaThread "Finalizer" daemon [_thread_blocked, id=9644, stack(0x0000000016700000,0x0000000016800000)]
  0x0000000015469000 JavaThread "Reference Handler" daemon [_thread_blocked, id=7484, stack(0x0000000016600000,0x0000000016700000)]
  0x0000000002cd2800 JavaThread "main" [_thread_in_vm, id=7560, stack(0x0000000002bd0000,0x0000000002cd0000)]

Other Threads:
  0x0000000015467800 VMThread [stack: 0x0000000016500000,0x0000000016600000] [id=2980]
  0x0000000016df1800 WatcherThread [stack: 0x00000000172e0000,0x00000000173e0000] [id=180]

VM state:not at safepoint (normal execution)

VM Mutex/Monitor currently owned by a thread: None

Heap:
 PSYoungGen      total 38400K, used 9419K [0x00000000eab00000, 0x00000000ed580000, 0x0000000100000000)
  eden space 33280K, 12% used [0x00000000eab00000,0x00000000eaf36c40,0x00000000ecb80000)
  from space 5120K, 99% used [0x00000000ecb80000,0x00000000ed07c028,0x00000000ed080000)
  to   space 5120K, 0% used [0x00000000ed080000,0x00000000ed080000,0x00000000ed580000)
 ParOldGen       total 87552K, used 1604K [0x00000000c0000000, 0x00000000c5580000, 0x00000000eab00000)
  object space 87552K, 1% used [0x00000000c0000000,0x00000000c0191070,0x00000000c5580000)
 Metaspace       used 6275K, capacity 7192K, committed 7424K, reserved 1056768K
  class space    used 615K, capacity 656K, committed 768K, reserved 1048576K

Card table byte_map: [0x0000000012190000,0x00000000123a0000] byte_map_base: 0x0000000011b90000

Marking Bits: (ParMarkBitMap*) 0x00000000615864f0
 Begin Bits: [0x0000000012900000, 0x0000000013900000)
 End Bits:   [0x0000000013900000, 0x0000000014900000)

Polling page: 0x00000000012b0000

CodeCache: size=245760Kb used=5637Kb max_used=5637Kb free=240122Kb
 bounds [0x0000000002dd0000, 0x0000000003360000, 0x0000000011dd0000]
 total_blobs=1735 nmethods=1466 adapters=181
 compilation: enabled

Compilation events (10 events):
Event: 1.967 Thread 0x00000000154fe800 nmethod 1461 0x000000000334ef10 code [0x000000000334f080, 0x000000000334f388]
Event: 1.967 Thread 0x00000000154fe800 1463       3       com.android.dx.util.ByteArrayAnnotatedOutput::writeByte (51 bytes)
Event: 1.967 Thread 0x00000000154fe800 nmethod 1463 0x000000000334e7d0 code [0x000000000334e960, 0x000000000334ecf8]
Event: 1.967 Thread 0x00000000154fe800 1462       1       com.android.dx.rop.cst.CstArray::getList (5 bytes)
Event: 1.967 Thread 0x00000000154fe800 nmethod 1462 0x000000000334e510 code [0x000000000334e660, 0x000000000334e770]
Event: 1.969 Thread 0x00000000154fe800 1464       3       com.android.dx.util.ByteArrayAnnotatedOutput::writeUleb128 (34 bytes)
Event: 1.970 Thread 0x00000000154fe800 nmethod 1464 0x000000000334e090 code [0x000000000334e200, 0x000000000334e438]
Event: 1.970 Thread 0x00000000154fe800 1465       3       com.android.dx.dex.file.ValueEncoder::writeConstant (494 bytes)
Event: 1.972 Thread 0x00000000154fe800 nmethod 1465 0x0000000003350510 code [0x0000000003350900, 0x0000000003352de8]
Event: 1.972 Thread 0x00000000154fe800 1466       3       com.android.dx.dex.file.ValueEncoder::constantToValueType (166 bytes)

GC Heap History (2 events):
Event: 1.822 GC heap before
{Heap before GC invocations=1 (full 0):
 PSYoungGen      total 38400K, used 33280K [0x00000000eab00000, 0x00000000ed580000, 0x0000000100000000)
  eden space 33280K, 100% used [0x00000000eab00000,0x00000000ecb80000,0x00000000ecb80000)
  from space 5120K, 0% used [0x00000000ed080000,0x00000000ed080000,0x00000000ed580000)
  to   space 5120K, 0% used [0x00000000ecb80000,0x00000000ecb80000,0x00000000ed080000)
 ParOldGen       total 87552K, used 0K [0x00000000c0000000, 0x00000000c5580000, 0x00000000eab00000)
  object space 87552K, 0% used [0x00000000c0000000,0x00000000c0000000,0x00000000c5580000)
 Metaspace       used 6030K, capacity 6964K, committed 7040K, reserved 1056768K
  class space    used 601K, capacity 620K, committed 640K, reserved 1048576K
Event: 1.833 GC heap after
Heap after GC invocations=1 (full 0):
 PSYoungGen      total 38400K, used 5104K [0x00000000eab00000, 0x00000000ed580000, 0x0000000100000000)
  eden space 33280K, 0% used [0x00000000eab00000,0x00000000eab00000,0x00000000ecb80000)
  from space 5120K, 99% used [0x00000000ecb80000,0x00000000ed07c028,0x00000000ed080000)
  to   space 5120K, 0% used [0x00000000ed080000,0x00000000ed080000,0x00000000ed580000)
 ParOldGen       total 87552K, used 1604K [0x00000000c0000000, 0x00000000c5580000, 0x00000000eab00000)
  object space 87552K, 1% used [0x00000000c0000000,0x00000000c0191070,0x00000000c5580000)
 Metaspace       used 6030K, capacity 6964K, committed 7040K, reserved 1056768K
  class space    used 601K, capacity 620K, committed 640K, reserved 1048576K
}

Deoptimization events (10 events):
Event: 1.860 Thread 0x0000000002cd2800 Uncommon trap: reason=bimorphic action=maybe_recompile pc=0x00000000031d0b18 method=java.util.HashMap.getNode(ILjava/lang/Object;)Ljava/util/HashMap$Node; @ 126
Event: 1.860 Thread 0x0000000002cd2800 Uncommon trap: reason=bimorphic action=maybe_recompile pc=0x00000000031917d0 method=java.util.HashMap.getNode(ILjava/lang/Object;)Ljava/util/HashMap$Node; @ 126
Event: 1.931 Thread 0x0000000002cd2800 Uncommon trap: reason=speculate_class_check action=maybe_recompile pc=0x000000000313c9c4 method=com.android.dx.util.FixedSizeList.equals(Ljava/lang/Object;)Z @ 25
Event: 1.931 Thread 0x0000000002cd2800 Uncommon trap: reason=class_check action=maybe_recompile pc=0x000000000312400c method=java.util.Arrays.equals([Ljava/lang/Object;[Ljava/lang/Object;)Z @ 62
Event: 1.931 Thread 0x0000000002cd2800 Uncommon trap: reason=speculate_class_check action=maybe_recompile pc=0x000000000313c9c4 method=com.android.dx.util.FixedSizeList.equals(Ljava/lang/Object;)Z @ 25
Event: 1.931 Thread 0x0000000002cd2800 Uncommon trap: reason=class_check action=maybe_recompile pc=0x000000000312400c method=java.util.Arrays.equals([Ljava/lang/Object;[Ljava/lang/Object;)Z @ 62
Event: 1.931 Thread 0x0000000002cd2800 Uncommon trap: reason=speculate_class_check action=maybe_recompile pc=0x000000000313c9c4 method=com.android.dx.util.FixedSizeList.equals(Ljava/lang/Object;)Z @ 25
Event: 1.931 Thread 0x0000000002cd2800 Uncommon trap: reason=class_check action=maybe_recompile pc=0x000000000312400c method=java.util.Arrays.equals([Ljava/lang/Object;[Ljava/lang/Object;)Z @ 62
Event: 1.931 Thread 0x0000000002cd2800 Uncommon trap: reason=speculate_class_check action=maybe_recompile pc=0x000000000313c9c4 method=com.android.dx.util.FixedSizeList.equals(Ljava/lang/Object;)Z @ 25
Event: 1.931 Thread 0x0000000002cd2800 Uncommon trap: reason=class_check action=maybe_recompile pc=0x000000000312400c method=java.util.Arrays.equals([Ljava/lang/Object;[Ljava/lang/Object;)Z @ 62

Internal exceptions (3 events):
Event: 0.253 Thread 0x0000000002cd2800 Exception <a 'java/lang/NoSuchMethodError': Method sun.misc.Unsafe.defineClass(Ljava/lang/String;[BII)Ljava/lang/Class; name or signature does not match> (0x00000000eab07cc0) thrown at [D:\re\workspace\8-2-build-windows-amd64-cygwin\jdk8u92\6642\hotspot\srF›*§œ/Ð?
Event: 0.253 Thread 0x0000000002cd2800 Exception <a 'java/lang/NoSuchMethodError': Method sun.misc.Unsafe.prefetchRead(Ljava/lang/Object;J)V name or signature does not match> (0x00000000eab07fa8) thrown at [D:\re\workspace\8-2-build-windows-amd64-cygwin\jdk8u92\6642\hotspot\src\share\vm\prims\j#dfÿßú?
Event: 1.680 Thread 0x000000001708b800 Implicit null exception at 0x00000000030ccf62 to 0x00000000030cd05a

Events (10 events):
Event: 1.931 Thread 0x0000000002cd2800 DEOPT UNPACKING pc=0x0000000002e1582a sp=0x0000000002cced10 mode 2
Event: 1.931 Thread 0x0000000002cd2800 Uncommon trap: trap_request=0xffffffde fr.pc=0x000000000312400c
Event: 1.931 Thread 0x0000000002cd2800 DEOPT PACKING pc=0x000000000312400c sp=0x0000000002ccece0
Event: 1.931 Thread 0x0000000002cd2800 DEOPT UNPACKING pc=0x0000000002e1582a sp=0x0000000002ccec80 mode 2
Event: 1.931 loading class com/android/dx/dex/code/CatchTable$Entry
Event: 1.931 loading class com/android/dx/dex/code/CatchTable$Entry done
Event: 1.933 loading class com/android/dx/util/ByteArrayAnnotatedOutput
Event: 1.933 loading class com/android/dx/util/ByteArrayAnnotatedOutput done
Event: 1.960 loading class com/android/dex/EncodedValueCodec
Event: 1.960 loading class com/android/dex/EncodedValueCodec done


Dynamic libraries:
0x00007ff770a70000 - 0x00007ff770aa7000 	C:\Program Files\Java\jdk1.8.0_92\bin\java.exe
0x00007ffda5690000 - 0x00007ffda583d000 	C:\windows\SYSTEM32\ntdll.dll
0x00007ffda3400000 - 0x00007ffda353e000 	C:\windows\system32\KERNEL32.DLL
0x00007ffda2b00000 - 0x00007ffda2c15000 	C:\windows\system32\KERNELBASE.dll
0x00007ffda0ac0000 - 0x00007ffda0b4e000 	C:\windows\system32\apphelp.dll
0x00007ffd7c6c0000 - 0x00007ffd7c713000 	C:\windows\AppPatch\AppPatch64\AcGenral.DLL
0x00007ffda3ad0000 - 0x00007ffda3b7a000 	C:\windows\system32\msvcrt.dll
0x00007ffda2a70000 - 0x00007ffda2a9e000 	C:\windows\system32\SspiCli.dll
0x00007ffda2f70000 - 0x00007ffda2fc4000 	C:\windows\system32\SHLWAPI.dll
0x00007ffda2fd0000 - 0x00007ffda3147000 	C:\windows\system32\USER32.dll
0x00007ffda3b80000 - 0x00007ffda3d14000 	C:\windows\system32\ole32.dll
0x00007ffda3da0000 - 0x00007ffda52ca000 	C:\windows\system32\SHELL32.dll
0x00007ffda1e10000 - 0x00007ffda1e31000 	C:\windows\SYSTEM32\USERENV.dll
0x00007ffda2d20000 - 0x00007ffda2dca000 	C:\windows\system32\ADVAPI32.dll
0x00007ffd88a90000 - 0x00007ffd88aae000 	C:\windows\SYSTEM32\MPR.dll
0x00007ffda2dd0000 - 0x00007ffda2f10000 	C:\windows\system32\RPCRT4.dll
0x00007ffda5540000 - 0x00007ffda5599000 	C:\windows\SYSTEM32\sechost.dll
0x00007ffda35b0000 - 0x00007ffda37c1000 	C:\windows\SYSTEM32\combase.dll
0x00007ffda37d0000 - 0x00007ffda391f000 	C:\windows\system32\GDI32.dll
0x00007ffda27c0000 - 0x00007ffda27d5000 	C:\windows\SYSTEM32\profapi.dll
0x00007ffda0320000 - 0x00007ffda03d2000 	C:\windows\SYSTEM32\SHCORE.dll
0x00007ffda52d0000 - 0x00007ffda5306000 	C:\windows\system32\IMM32.DLL
0x00007ffda53e0000 - 0x00007ffda5532000 	C:\windows\system32\MSCTF.dll
0x00007ffd9fbe0000 - 0x00007ffd9fe5b000 	C:\windows\WinSxS\amd64_microsoft.windows.common-controls_6595b64144ccf1df_6.0.9600.18006_none_623f33d3ecbe86e8\COMCTL32.dll
0x00000000607c0000 - 0x0000000060892000 	C:\Program Files\Java\jdk1.8.0_92\jre\bin\msvcr100.dll
0x0000000060d70000 - 0x0000000061606000 	C:\Program Files\Java\jdk1.8.0_92\jre\bin\server\jvm.dll
0x00007ffda0460000 - 0x00007ffda0469000 	C:\windows\SYSTEM32\WSOCK32.dll
0x00007ffd9f640000 - 0x00007ffd9f662000 	C:\windows\SYSTEM32\WINMM.dll
0x00007ffd9ebf0000 - 0x00007ffd9ebfa000 	C:\windows\SYSTEM32\VERSION.dll
0x00007ffda3330000 - 0x00007ffda3337000 	C:\windows\system32\PSAPI.DLL
0x00007ffda2f10000 - 0x00007ffda2f6a000 	C:\windows\system32\WS2_32.dll
0x00007ffd9f610000 - 0x00007ffd9f63a000 	C:\windows\SYSTEM32\WINMMBASE.dll
0x00007ffda3d30000 - 0x00007ffda3d39000 	C:\windows\system32\NSI.dll
0x00007ffda2cd0000 - 0x00007ffda2d1f000 	C:\windows\SYSTEM32\cfgmgr32.dll
0x00007ffda1450000 - 0x00007ffda1478000 	C:\windows\SYSTEM32\DEVOBJ.dll
0x0000000060c80000 - 0x0000000060c8f000 	C:\Program Files\Java\jdk1.8.0_92\jre\bin\verify.dll
0x0000000060c50000 - 0x0000000060c79000 	C:\Program Files\Java\jdk1.8.0_92\jre\bin\java.dll
0x0000000060c30000 - 0x0000000060c46000 	C:\Program Files\Java\jdk1.8.0_92\jre\bin\zip.dll

VM Arguments:
jvm_args: -Djava.awt.headless=true -Xmx1024M -Dfile.encoding=windows-1252 -Duser.country=MY -Duser.language=en -Duser.variant 
java_command: com.android.dx.command.Main --dex --force-jumbo --num-threads=4 --output C:\Users\user\Desktop\Task Tracker Versions\4\AssignmentTracker\app\build\intermediates\pre-dexed\debug\com.google.firebase-firebase-auth-9.0.2_f0a434dda9c4e48d6218796e277a9157af260363.jar C:\Users\user\Desktop\Task Tracker Versions\4\AssignmentTracker\app\build\intermediates\exploded-aar\com.google.firebase\firebase-auth\9.0.2\jars\classes.jar
java_class_path (initial): C:\Users\user\AppData\Local\Android\sdk1\build-tools\23.0.2\lib\dx.jar
Launcher Type: SUN_STANDARD

Environment Variables:
JAVA_HOME=C:\Program Files (x86)\Java\jdk1.8.0_91
PATH=C:\Python27\;C:\Python27\Scripts;C:\ProgramData\Oracle\Java\javapath;C:\Program Files (x86)\Intel\iCLS Client\;C:\Program Files\Intel\iCLS Client\;C:\windows\system32;C:\windows;C:\windows\System32\Wbem;C:\windows\System32\WindowsPowerShell\v1.0\;C:\Program Files\Intel\Intel(R) Management Engine Components\DAL;C:\Program Files\Intel\Intel(R) Management Engine Components\IPT;C:\Program Files (x86)\Intel\Intel(R) Management Engine Components\DAL;C:\Program Files (x86)\Intel\Intel(R) Management Engine Components\IPT;C:\Program Files (x86)\GtkSharp\2.12\bin;C:\Program Files\Git\cmd;C:\Program Files\nodejs\;C:\Users\user\Anaconda2;C:\Users\user\Anaconda2\Scripts;C:\Users\user\Anaconda2\Library\bin;C:\Program Files\Docker Toolbox;C:\Users\user\AppData\Local\atom\bin;C:\Users\user\AppData\Roaming\npm;C:\Python27;C:\Program Files\apache-maven-3.3.9-bin\apache-maven-3.3.9\bin;C:\Program Files\Java\jdk1.8.0_92\bin
USERNAME=user
OS=Windows_NT
PROCESSOR_IDENTIFIER=Intel64 Family 6 Model 69 Stepping 1, GenuineIntel



---------------  S Y S T E M  ---------------

OS: Windows 8.1 , 64 bit Build 9600 (6.3.9600.17415)

CPU:total 4 (2 cores per cpu, 2 threads per core) family 6 model 69 stepping 1, cmov, cx8, fxsr, mmx, sse, sse2, sse3, ssse3, sse4.1, sse4.2, popcnt, avx, avx2, aes, clmul, erms, lzcnt, ht, tsc, tscinvbit, bmi1, bmi2

Memory: 4k page, physical 8298776k(975308k free), swap 8298776k(5440k free)

vm_info: Java HotSpot(TM) 64-Bit Server VM (25.92-b14) for windows-amd64 JRE (1.8.0_92-b14), built on Mar 31 2016 21:03:04 by "java_re" with MS VC++ 10.0 (VS2010)

time: Sat Jul 09 22:05:46 2016
elapsed time: 1 seconds (0d 0h 0m 1s)

