#
# There is insufficient memory for the Java Runtime Environment to continue.
# Native memory allocation (malloc) failed to allocate 32744 bytes for ChunkPool::allocate
# Possible reasons:
#   The system is out of physical RAM or swap space
#   In 32 bit mode, the process size limit was hit
# Possible solutions:
#   Reduce memory load on the system
#   Increase physical memory or swap space
#   Check if swap backing store is full
#   Use 64 bit Java on a 64 bit OS
#   Decrease Java heap size (-Xmx/-Xms)
#   Decrease number of Java threads
#   Decrease Java thread stack sizes (-Xss)
#   Set larger code cache with -XX:ReservedCodeCacheSize=
# This output file may be truncated or incomplete.
#
#  Out of Memory Error (allocation.cpp:273), pid=9420, tid=0x0000000000002518
#
# JRE version: Java(TM) SE Runtime Environment (8.0_92-b14) (build 1.8.0_92-b14)
# Java VM: Java HotSpot(TM) 64-Bit Server VM (25.92-b14 mixed mode windows-amd64 compressed oops)
# Failed to write core dump. Minidumps are not enabled by default on client versions of Windows
#

---------------  T H R E A D  ---------------

Current thread (0x0000000016551000):  JavaThread "C1 CompilerThread2" daemon [_thread_in_native, id=9496, stack(0x0000000016950000,0x0000000016a50000)]

Stack: [0x0000000016950000,0x0000000016a50000]
[error occurred during error reporting (printing stack bounds), id 0xc0000005]

Native frames: (J=compiled Java code, j=interpreted, Vv=VM code, C=native code)


Current CompileTask:
C1:   1547  304   !   3       com.android.dx.cf.code.BytecodeArray::parseInstruction (2764 bytes)


---------------  P R O C E S S  ---------------

Java Threads: ( => current thread )
  0x00000000167cc000 JavaThread "pool-1-thread-4" [_thread_blocked, id=4016, stack(0x0000000017050000,0x0000000017150000)]
  0x00000000167ca800 JavaThread "pool-1-thread-3" [_thread_blocked, id=820, stack(0x0000000016f50000,0x0000000017050000)]
  0x00000000167ca000 JavaThread "pool-1-thread-2" [_thread_blocked, id=6684, stack(0x0000000016e50000,0x0000000016f50000)]
  0x00000000167c3000 JavaThread "pool-2-thread-1" [_thread_blocked, id=6004, stack(0x0000000016d50000,0x0000000016e50000)]
  0x00000000167c2800 JavaThread "pool-1-thread-1" [_thread_blocked, id=10152, stack(0x0000000016c50000,0x0000000016d50000)]
  0x0000000016557800 JavaThread "Service Thread" daemon [_thread_blocked, id=1460, stack(0x0000000016a50000,0x0000000016b50000)]
=>0x0000000016551000 JavaThread "C1 CompilerThread2" daemon [_thread_in_native, id=9496, stack(0x0000000016950000,0x0000000016a50000)]
  0x0000000014d79800 JavaThread "C2 CompilerThread1" daemon [_thread_blocked, id=8548, stack(0x0000000016450000,0x0000000016550000)]
  0x0000000014d2a800 JavaThread "C2 CompilerThread0" daemon [_thread_blocked, id=9240, stack(0x0000000016350000,0x0000000016450000)]
  0x0000000014d28800 JavaThread "Attach Listener" daemon [_thread_blocked, id=9024, stack(0x0000000016250000,0x0000000016350000)]
  0x0000000014d25800 JavaThread "Signal Dispatcher" daemon [_thread_blocked, id=4760, stack(0x0000000016150000,0x0000000016250000)]
  0x0000000014d0a800 JavaThread "Finalizer" daemon [_thread_blocked, id=2960, stack(0x0000000015f70000,0x0000000016070000)]
  0x0000000014ce9000 JavaThread "Reference Handler" daemon [_thread_blocked, id=9712, stack(0x0000000015e70000,0x0000000015f70000)]
  0x0000000002552800 JavaThread "main" [_thread_in_vm, id=10160, stack(0x00000000023d0000,0x00000000024d0000)]

Other Threads:
  0x0000000014ce7800 VMThread [stack: 0x0000000015d70000,0x0000000015e70000] [id=9464]
  0x0000000016575000 WatcherThread [stack: 0x0000000016b50000,0x0000000016c50000] [id=9376]

VM state:not at safepoint (normal execution)

VM Mutex/Monitor currently owned by a thread: None

Heap:
 PSYoungGen      total 38400K, used 10012K [0x00000000eab00000, 0x00000000ed580000, 0x0000000100000000)
  eden space 33280K, 30% used [0x00000000eab00000,0x00000000eb4c7378,0x00000000ecb80000)
  from space 5120K, 0% used [0x00000000ed080000,0x00000000ed080000,0x00000000ed580000)
  to   space 5120K, 0% used [0x00000000ecb80000,0x00000000ecb80000,0x00000000ed080000)
 ParOldGen       total 87552K, used 0K [0x00000000c0000000, 0x00000000c5580000, 0x00000000eab00000)
  object space 87552K, 0% used [0x00000000c0000000,0x00000000c0000000,0x00000000c5580000)
 Metaspace       used 4763K, capacity 5808K, committed 6016K, reserved 1058816K
  class space    used 517K, capacity 552K, committed 640K, reserved 1048576K

Card table byte_map: [0x0000000011a10000,0x0000000011c20000] byte_map_base: 0x0000000011410000

Marking Bits: (ParMarkBitMap*) 0x00000000615864f0
 Begin Bits: [0x0000000012180000, 0x0000000013180000)
 End Bits:   [0x0000000013180000, 0x0000000014180000)

Polling page: 0x00000000023b0000

CodeCache: size=245760Kb used=1754Kb max_used=1766Kb free=244005Kb
 bounds [0x0000000002650000, 0x00000000028c0000, 0x0000000011650000]
 total_blobs=574 nmethods=310 adapters=177
 compilation: enabled

Compilation events (10 events):
Event: 1.535 Thread 0x0000000016551000  308       3       java.util.ArrayList$Itr::checkForComodification (23 bytes)
Event: 1.535 Thread 0x0000000016551000 nmethod 308 0x0000000002806250 code [0x00000000028063c0, 0x00000000028065e8]
Event: 1.535 Thread 0x0000000016551000  306       3       com.android.dx.rop.type.Type::getCategory (36 bytes)
Event: 1.535 Thread 0x0000000016551000 nmethod 306 0x00000000028066d0 code [0x0000000002806820, 0x0000000002806990]
Event: 1.535 Thread 0x0000000016551000  309       3       com.android.dx.util.MutabilityControl::throwIfMutable (18 bytes)
Event: 1.535 Thread 0x0000000016551000 nmethod 309 0x0000000002806a10 code [0x0000000002806b80, 0x0000000002806de8]
Event: 1.535 Thread 0x0000000016551000  304   !   3       com.android.dx.cf.code.BytecodeArray::parseInstruction (2764 bytes)
Event: 1.540 Thread 0x0000000014d2a800  318       4       java.util.ArrayList::get (11 bytes)
Event: 1.541 Thread 0x0000000014d2a800 nmethod 318 0x0000000002809b90 code [0x0000000002809cc0, 0x0000000002809d78]
Event: 1.545 Thread 0x0000000014d79800  337       4       com.android.dx.rop.type.Type::getCategory (36 bytes)

GC Heap History (0 events):
No events

Deoptimization events (0 events):
No events

Internal exceptions (2 events):
Event: 0.176 Thread 0x0000000002552800 Exception <a 'java/lang/NoSuchMethodError': Method sun.misc.Unsafe.defineClass(Ljava/lang/String;[BII)Ljava/lang/Class; name or signature does not match> (0x00000000eab07cc0) thrown at [D:\re\workspace\8-2-build-windows-amd64-cygwin\jdk8u92\6642\hotspot\srÇ&§z†Æ?
Event: 0.176 Thread 0x0000000002552800 Exception <a 'java/lang/NoSuchMethodError': Method sun.misc.Unsafe.prefetchRead(Ljava/lang/Object;J)V name or signature does not match> (0x00000000eab07fa8) thrown at [D:\re\workspace\8-2-build-windows-amd64-cygwin\jdk8u92\6642\hotspot\src\share\vm\prims\j

Events (10 events):
Event: 1.539 loading class com/android/dx/ssa/SsaInsn$Visitor
Event: 1.539 loading class com/android/dx/ssa/SsaInsn$Visitor done
Event: 1.540 loading class com/android/dx/rop/code/BasicBlockList$RegCountVisitor
Event: 1.541 loading class com/android/dx/rop/code/BasicBlockList$RegCountVisitor done
Event: 1.542 loading class com/android/dx/ssa/SsaBasicBlock
Event: 1.542 loading class com/android/dx/ssa/SsaBasicBlock done
Event: 1.544 loading class com/android/dx/ssa/SsaBasicBlock$LabelComparator
Event: 1.544 loading class com/android/dx/ssa/SsaBasicBlock$LabelComparator done
Event: 1.544 loading class java/lang/CloneNotSupportedException
Event: 1.544 loading class java/lang/CloneNotSupportedException done


Dynamic libraries:
0x00007ff770a70000 - 0x00007ff770aa7000 	C:\Program Files\Java\jdk1.8.0_92\bin\java.exe
0x00007ffda5690000 - 0x00007ffda583d000 	C:\windows\SYSTEM32\ntdll.dll
0x00007ffda3400000 - 0x00007ffda353e000 	C:\windows\system32\KERNEL32.DLL
0x00007ffda2b00000 - 0x00007ffda2c15000 	C:\windows\system32\KERNELBASE.dll
0x00007ffda0ac0000 - 0x00007ffda0b4e000 	C:\windows\system32\apphelp.dll
0x00007ffd7c6c0000 - 0x00007ffd7c713000 	C:\windows\AppPatch\AppPatch64\AcGenral.DLL
0x00007ffda3ad0000 - 0x00007ffda3b7a000 	C:\windows\system32\msvcrt.dll
0x00007ffda2a70000 - 0x00007ffda2a9e000 	C:\windows\system32\SspiCli.dll
0x00007ffda2f70000 - 0x00007ffda2fc4000 	C:\windows\system32\SHLWAPI.dll
0x00007ffda2fd0000 - 0x00007ffda3147000 	C:\windows\system32\USER32.dll
0x00007ffda3b80000 - 0x00007ffda3d14000 	C:\windows\system32\ole32.dll
0x00007ffda3da0000 - 0x00007ffda52ca000 	C:\windows\system32\SHELL32.dll
0x00007ffda1e10000 - 0x00007ffda1e31000 	C:\windows\SYSTEM32\USERENV.dll
0x00007ffda2d20000 - 0x00007ffda2dca000 	C:\windows\system32\ADVAPI32.dll
0x00007ffd88a90000 - 0x00007ffd88aae000 	C:\windows\SYSTEM32\MPR.dll
0x00007ffda2dd0000 - 0x00007ffda2f10000 	C:\windows\system32\RPCRT4.dll
0x00007ffda5540000 - 0x00007ffda5599000 	C:\windows\SYSTEM32\sechost.dll
0x00007ffda35b0000 - 0x00007ffda37c1000 	C:\windows\SYSTEM32\combase.dll
0x00007ffda37d0000 - 0x00007ffda391f000 	C:\windows\system32\GDI32.dll
0x00007ffda27c0000 - 0x00007ffda27d5000 	C:\windows\SYSTEM32\profapi.dll
0x00007ffda0320000 - 0x00007ffda03d2000 	C:\windows\SYSTEM32\SHCORE.dll
0x00007ffda52d0000 - 0x00007ffda5306000 	C:\windows\system32\IMM32.DLL
0x00007ffda53e0000 - 0x00007ffda5532000 	C:\windows\system32\MSCTF.dll
0x00007ffd9fbe0000 - 0x00007ffd9fe5b000 	C:\windows\WinSxS\amd64_microsoft.windows.common-controls_6595b64144ccf1df_6.0.9600.18006_none_623f33d3ecbe86e8\COMCTL32.dll
0x00000000607c0000 - 0x0000000060892000 	C:\Program Files\Java\jdk1.8.0_92\jre\bin\msvcr100.dll
0x0000000060d70000 - 0x0000000061606000 	C:\Program Files\Java\jdk1.8.0_92\jre\bin\server\jvm.dll
0x00007ffda0460000 - 0x00007ffda0469000 	C:\windows\SYSTEM32\WSOCK32.dll
0x00007ffd9f640000 - 0x00007ffd9f662000 	C:\windows\SYSTEM32\WINMM.dll
0x00007ffd9ebf0000 - 0x00007ffd9ebfa000 	C:\windows\SYSTEM32\VERSION.dll
0x00007ffda3330000 - 0x00007ffda3337000 	C:\windows\system32\PSAPI.DLL
0x00007ffda2f10000 - 0x00007ffda2f6a000 	C:\windows\system32\WS2_32.dll
0x00007ffd9f610000 - 0x00007ffd9f63a000 	C:\windows\SYSTEM32\WINMMBASE.dll
0x00007ffda3d30000 - 0x00007ffda3d39000 	C:\windows\system32\NSI.dll
0x00007ffda2cd0000 - 0x00007ffda2d1f000 	C:\windows\SYSTEM32\cfgmgr32.dll
0x00007ffda1450000 - 0x00007ffda1478000 	C:\windows\SYSTEM32\DEVOBJ.dll
0x0000000060c80000 - 0x0000000060c8f000 	C:\Program Files\Java\jdk1.8.0_92\jre\bin\verify.dll
0x0000000060c50000 - 0x0000000060c79000 	C:\Program Files\Java\jdk1.8.0_92\jre\bin\java.dll
0x0000000060c30000 - 0x0000000060c46000 	C:\Program Files\Java\jdk1.8.0_92\jre\bin\zip.dll

VM Arguments:
jvm_args: -Djava.awt.headless=true -Xmx1024M -Dfile.encoding=windows-1252 -Duser.country=MY -Duser.language=en -Duser.variant 
java_command: com.android.dx.command.Main --dex --force-jumbo --num-threads=4 --output C:\Users\user\Desktop\Task Tracker Versions\4\AssignmentTracker\app\build\intermediates\pre-dexed\debug\com.google.firebase-firebase-analytics-impl-9.0.2_e44b25f7410b28b25b547115f959161bd2e56510.jar C:\Users\user\Desktop\Task Tracker Versions\4\AssignmentTracker\app\build\intermediates\exploded-aar\com.google.firebase\firebase-analytics-impl\9.0.2\jars\classes.jar
java_class_path (initial): C:\Users\user\AppData\Local\Android\sdk1\build-tools\23.0.2\lib\dx.jar
Launcher Type: SUN_STANDARD

Environment Variables:
JAVA_HOME=C:\Program Files (x86)\Java\jdk1.8.0_91
PATH=C:\Python27\;C:\Python27\Scripts;C:\ProgramData\Oracle\Java\javapath;C:\Program Files (x86)\Intel\iCLS Client\;C:\Program Files\Intel\iCLS Client\;C:\windows\system32;C:\windows;C:\windows\System32\Wbem;C:\windows\System32\WindowsPowerShell\v1.0\;C:\Program Files\Intel\Intel(R) Management Engine Components\DAL;C:\Program Files\Intel\Intel(R) Management Engine Components\IPT;C:\Program Files (x86)\Intel\Intel(R) Management Engine Components\DAL;C:\Program Files (x86)\Intel\Intel(R) Management Engine Components\IPT;C:\Program Files (x86)\GtkSharp\2.12\bin;C:\Program Files\Git\cmd;C:\Program Files\nodejs\;C:\Users\user\Anaconda2;C:\Users\user\Anaconda2\Scripts;C:\Users\user\Anaconda2\Library\bin;C:\Program Files\Docker Toolbox;C:\Users\user\AppData\Local\atom\bin;C:\Users\user\AppData\Roaming\npm;C:\Python27;C:\Program Files\apache-maven-3.3.9-bin\apache-maven-3.3.9\bin;C:\Program Files\Java\jdk1.8.0_92\bin
USERNAME=user
OS=Windows_NT
PROCESSOR_IDENTIFIER=Intel64 Family 6 Model 69 Stepping 1, GenuineIntel



---------------  S Y S T E M  ---------------

OS: Windows 8.1 , 64 bit Build 9600 (6.3.9600.17415)

CPU:total 4 (2 cores per cpu, 2 threads per core) family 6 model 69 stepping 1, cmov, cx8, fxsr, mmx, sse, sse2, sse3, ssse3, sse4.1, sse4.2, popcnt, avx, avx2, aes, clmul, erms, lzcnt, ht, tsc, tscinvbit, bmi1, bmi2

Memory: 4k page, physical 8298776k(1093904k free), swap 8298776k(5112k free)

vm_info: Java HotSpot(TM) 64-Bit Server VM (25.92-b14) for windows-amd64 JRE (1.8.0_92-b14), built on Mar 31 2016 21:03:04 by "java_re" with MS VC++ 10.0 (VS2010)

time: Sat Jul 09 22:05:51 2016
elapsed time: 1 seconds (0d 0h 0m 1s)

